<?xml version="1.0" encoding="UTF-8"?>
<testsuite xmlns:xsi="http://www.w3.org/2001/XMLSchema-instance" xsi:noNamespaceSchemaLocation="https://maven.apache.org/surefire/maven-surefire-plugin/xsd/surefire-test-report.xsd" name="com.toolsetlink.upgradelink.api.ClientTest" time="0.227" tests="2" errors="0" skipped="0" failures="0">
  <properties>
    <property name="gopherProxySet" value="false"/>
    <property name="awt.toolkit" value="sun.lwawt.macosx.LWCToolkit"/>
    <property name="socksProxyHost" value="127.0.0.1"/>
    <property name="http.proxyHost" value="127.0.0.1"/>
    <property name="java.specification.version" value="1.8"/>
    <property name="file.encoding.pkg" value="sun.io"/>
    <property name="sun.cpu.isalist" value=""/>
    <property name="sun.jnu.encoding" value="UTF-8"/>
    <property name="java.class.path" value="/Users/songang/LinkProjects/upgrade/upgradelink-api-java/target/test-classes:/Users/songang/LinkProjects/upgrade/upgradelink-api-java/target/classes:/opt/homebrew/Cellar/maven/3.9.9/maven-repo/com/aliyun/tea-util/0.2.23/tea-util-0.2.23.jar:/opt/homebrew/Cellar/maven/3.9.9/maven-repo/com/google/code/gson/gson/2.11.0/gson-2.11.0.jar:/opt/homebrew/Cellar/maven/3.9.9/maven-repo/com/google/errorprone/error_prone_annotations/2.27.0/error_prone_annotations-2.27.0.jar:/opt/homebrew/Cellar/maven/3.9.9/maven-repo/io/github/toolsetlink/darabonba-base-java/1.0.0/darabonba-base-java-1.0.0.jar:/opt/homebrew/Cellar/maven/3.9.9/maven-repo/com/aliyun/tea/1.1.14/tea-1.1.14.jar:/opt/homebrew/Cellar/maven/3.9.9/maven-repo/com/squareup/okhttp3/okhttp/3.12.13/okhttp-3.12.13.jar:/opt/homebrew/Cellar/maven/3.9.9/maven-repo/com/squareup/okio/okio/1.15.0/okio-1.15.0.jar:/opt/homebrew/Cellar/maven/3.9.9/maven-repo/org/jacoco/org.jacoco.agent/0.8.4/org.jacoco.agent-0.8.4-runtime.jar:/opt/homebrew/Cellar/maven/3.9.9/maven-repo/org/junit/jupiter/junit-jupiter-api/5.8.2/junit-jupiter-api-5.8.2.jar:/opt/homebrew/Cellar/maven/3.9.9/maven-repo/org/opentest4j/opentest4j/1.2.0/opentest4j-1.2.0.jar:/opt/homebrew/Cellar/maven/3.9.9/maven-repo/org/junit/platform/junit-platform-commons/1.8.2/junit-platform-commons-1.8.2.jar:/opt/homebrew/Cellar/maven/3.9.9/maven-repo/org/apiguardian/apiguardian-api/1.1.2/apiguardian-api-1.1.2.jar:/opt/homebrew/Cellar/maven/3.9.9/maven-repo/org/mockito/mockito-core/4.5.1/mockito-core-4.5.1.jar:/opt/homebrew/Cellar/maven/3.9.9/maven-repo/net/bytebuddy/byte-buddy/1.12.9/byte-buddy-1.12.9.jar:/opt/homebrew/Cellar/maven/3.9.9/maven-repo/net/bytebuddy/byte-buddy-agent/1.12.9/byte-buddy-agent-1.12.9.jar:/opt/homebrew/Cellar/maven/3.9.9/maven-repo/org/objenesis/objenesis/3.2/objenesis-3.2.jar:/opt/homebrew/Cellar/maven/3.9.9/maven-repo/org/powermock/powermock-api-mockito2/2.0.9/powermock-api-mockito2-2.0.9.jar:/opt/homebrew/Cellar/maven/3.9.9/maven-repo/org/powermock/powermock-api-support/2.0.9/powermock-api-support-2.0.9.jar:/opt/homebrew/Cellar/maven/3.9.9/maven-repo/org/powermock/powermock-reflect/2.0.9/powermock-reflect-2.0.9.jar:/opt/homebrew/Cellar/maven/3.9.9/maven-repo/org/powermock/powermock-core/2.0.9/powermock-core-2.0.9.jar:/opt/homebrew/Cellar/maven/3.9.9/maven-repo/org/javassist/javassist/3.27.0-GA/javassist-3.27.0-GA.jar:"/>
    <property name="https.proxyPort" value="7890"/>
    <property name="java.vm.vendor" value="Azul Systems, Inc."/>
    <property name="sun.arch.data.model" value="64"/>
    <property name="java.vendor.url" value="http://www.azul.com/"/>
    <property name="user.timezone" value=""/>
    <property name="java.vm.specification.version" value="1.8"/>
    <property name="os.name" value="Mac OS X"/>
    <property name="user.country" value="CN"/>
    <property name="sun.java.launcher" value="SUN_STANDARD"/>
    <property name="sun.boot.library.path" value="/Library/Java/JavaVirtualMachines/zulu-8.jdk/Contents/Home/jre/lib"/>
    <property name="sun.java.command" value="/Users/songang/LinkProjects/upgrade/upgradelink-api-java/target/surefire/surefirebooter8707483238478605792.jar /Users/songang/LinkProjects/upgrade/upgradelink-api-java/target/surefire 2025-03-18T17-52-45_292-jvmRun1 surefire8946399491426429927tmp surefire_04091607600837503641tmp"/>
    <property name="http.nonProxyHosts" value="192.168.0.0/16|*.192.168.0.0/16|10.0.0.0/8|*.10.0.0.0/8|172.16.0.0/12|*.172.16.0.0/12|127.0.0.1|localhost|*.localhost|local|*.local|timestamp.apple.com|*.timestamp.apple.com|sequoia.apple.com|*.sequoia.apple.com|seed-sequoia.siri.apple.com|*.seed-sequoia.siri.apple.com"/>
    <property name="surefire.test.class.path" value="/Users/songang/LinkProjects/upgrade/upgradelink-api-java/target/test-classes:/Users/songang/LinkProjects/upgrade/upgradelink-api-java/target/classes:/opt/homebrew/Cellar/maven/3.9.9/maven-repo/com/aliyun/tea-util/0.2.23/tea-util-0.2.23.jar:/opt/homebrew/Cellar/maven/3.9.9/maven-repo/com/google/code/gson/gson/2.11.0/gson-2.11.0.jar:/opt/homebrew/Cellar/maven/3.9.9/maven-repo/com/google/errorprone/error_prone_annotations/2.27.0/error_prone_annotations-2.27.0.jar:/opt/homebrew/Cellar/maven/3.9.9/maven-repo/io/github/toolsetlink/darabonba-base-java/1.0.0/darabonba-base-java-1.0.0.jar:/opt/homebrew/Cellar/maven/3.9.9/maven-repo/com/aliyun/tea/1.1.14/tea-1.1.14.jar:/opt/homebrew/Cellar/maven/3.9.9/maven-repo/com/squareup/okhttp3/okhttp/3.12.13/okhttp-3.12.13.jar:/opt/homebrew/Cellar/maven/3.9.9/maven-repo/com/squareup/okio/okio/1.15.0/okio-1.15.0.jar:/opt/homebrew/Cellar/maven/3.9.9/maven-repo/org/jacoco/org.jacoco.agent/0.8.4/org.jacoco.agent-0.8.4-runtime.jar:/opt/homebrew/Cellar/maven/3.9.9/maven-repo/org/junit/jupiter/junit-jupiter-api/5.8.2/junit-jupiter-api-5.8.2.jar:/opt/homebrew/Cellar/maven/3.9.9/maven-repo/org/opentest4j/opentest4j/1.2.0/opentest4j-1.2.0.jar:/opt/homebrew/Cellar/maven/3.9.9/maven-repo/org/junit/platform/junit-platform-commons/1.8.2/junit-platform-commons-1.8.2.jar:/opt/homebrew/Cellar/maven/3.9.9/maven-repo/org/apiguardian/apiguardian-api/1.1.2/apiguardian-api-1.1.2.jar:/opt/homebrew/Cellar/maven/3.9.9/maven-repo/org/mockito/mockito-core/4.5.1/mockito-core-4.5.1.jar:/opt/homebrew/Cellar/maven/3.9.9/maven-repo/net/bytebuddy/byte-buddy/1.12.9/byte-buddy-1.12.9.jar:/opt/homebrew/Cellar/maven/3.9.9/maven-repo/net/bytebuddy/byte-buddy-agent/1.12.9/byte-buddy-agent-1.12.9.jar:/opt/homebrew/Cellar/maven/3.9.9/maven-repo/org/objenesis/objenesis/3.2/objenesis-3.2.jar:/opt/homebrew/Cellar/maven/3.9.9/maven-repo/org/powermock/powermock-api-mockito2/2.0.9/powermock-api-mockito2-2.0.9.jar:/opt/homebrew/Cellar/maven/3.9.9/maven-repo/org/powermock/powermock-api-support/2.0.9/powermock-api-support-2.0.9.jar:/opt/homebrew/Cellar/maven/3.9.9/maven-repo/org/powermock/powermock-reflect/2.0.9/powermock-reflect-2.0.9.jar:/opt/homebrew/Cellar/maven/3.9.9/maven-repo/org/powermock/powermock-core/2.0.9/powermock-core-2.0.9.jar:/opt/homebrew/Cellar/maven/3.9.9/maven-repo/org/javassist/javassist/3.27.0-GA/javassist-3.27.0-GA.jar:"/>
    <property name="sun.cpu.endian" value="little"/>
    <property name="user.home" value="/Users/songang"/>
    <property name="user.language" value="zh"/>
    <property name="java.specification.vendor" value="Oracle Corporation"/>
    <property name="java.home" value="/Library/Java/JavaVirtualMachines/zulu-8.jdk/Contents/Home/jre"/>
    <property name="basedir" value="/Users/songang/LinkProjects/upgrade/upgradelink-api-java"/>
    <property name="https.proxyHost" value="127.0.0.1"/>
    <property name="file.separator" value="/"/>
    <property name="line.separator" value="&#10;"/>
    <property name="jdk.vendor.version" value="Zulu 8.68.0.19-CA-macos-aarch64"/>
    <property name="java.vm.specification.vendor" value="Oracle Corporation"/>
    <property name="java.specification.name" value="Java Platform API Specification"/>
    <property name="java.awt.graphicsenv" value="sun.awt.CGraphicsEnvironment"/>
    <property name="surefire.real.class.path" value="/Users/songang/LinkProjects/upgrade/upgradelink-api-java/target/surefire/surefirebooter8707483238478605792.jar"/>
    <property name="sun.boot.class.path" value="/Library/Java/JavaVirtualMachines/zulu-8.jdk/Contents/Home/jre/lib/resources.jar:/Library/Java/JavaVirtualMachines/zulu-8.jdk/Contents/Home/jre/lib/rt.jar:/Library/Java/JavaVirtualMachines/zulu-8.jdk/Contents/Home/jre/lib/sunrsasign.jar:/Library/Java/JavaVirtualMachines/zulu-8.jdk/Contents/Home/jre/lib/jsse.jar:/Library/Java/JavaVirtualMachines/zulu-8.jdk/Contents/Home/jre/lib/jce.jar:/Library/Java/JavaVirtualMachines/zulu-8.jdk/Contents/Home/jre/lib/charsets.jar:/Library/Java/JavaVirtualMachines/zulu-8.jdk/Contents/Home/jre/lib/jfr.jar:/Library/Java/JavaVirtualMachines/zulu-8.jdk/Contents/Home/jre/lib/cat.jar:/Library/Java/JavaVirtualMachines/zulu-8.jdk/Contents/Home/jre/classes"/>
    <property name="sun.management.compiler" value="HotSpot 64-Bit Tiered Compilers"/>
    <property name="ftp.nonProxyHosts" value="192.168.0.0/16|*.192.168.0.0/16|10.0.0.0/8|*.10.0.0.0/8|172.16.0.0/12|*.172.16.0.0/12|127.0.0.1|localhost|*.localhost|local|*.local|timestamp.apple.com|*.timestamp.apple.com|sequoia.apple.com|*.sequoia.apple.com|seed-sequoia.siri.apple.com|*.seed-sequoia.siri.apple.com"/>
    <property name="java.runtime.version" value="1.8.0_362-b08"/>
    <property name="user.name" value="songang"/>
    <property name="path.separator" value=":"/>
    <property name="os.version" value="15.3.2"/>
    <property name="java.endorsed.dirs" value="/Library/Java/JavaVirtualMachines/zulu-8.jdk/Contents/Home/jre/lib/endorsed"/>
    <property name="java.runtime.name" value="OpenJDK Runtime Environment"/>
    <property name="file.encoding" value="UTF-8"/>
    <property name="java.vm.name" value="OpenJDK 64-Bit Server VM"/>
    <property name="localRepository" value="/opt/homebrew/Cellar/maven/3.9.9/maven-repo"/>
    <property name="java.vendor.url.bug" value="http://www.azul.com/support/"/>
    <property name="java.io.tmpdir" value="/var/folders/rh/9wk29gxs1kxfc7_pzhjc_vgw0000gn/T/"/>
    <property name="idea.version" value="2024.3.4.1"/>
    <property name="java.version" value="1.8.0_362"/>
    <property name="user.dir" value="/Users/songang/LinkProjects/upgrade/upgradelink-api-java"/>
    <property name="os.arch" value="aarch64"/>
    <property name="socksProxyPort" value="7890"/>
    <property name="java.vm.specification.name" value="Java Virtual Machine Specification"/>
    <property name="java.awt.printerjob" value="sun.lwawt.macosx.CPrinterJob"/>
    <property name="sun.os.patch.level" value="unknown"/>
    <property name="java.library.path" value="/Users/songang/Library/Java/Extensions:/Library/Java/Extensions:/Network/Library/Java/Extensions:/System/Library/Java/Extensions:/usr/lib/java:."/>
    <property name="java.vm.info" value="mixed mode"/>
    <property name="java.vendor" value="Azul Systems, Inc."/>
    <property name="java.vm.version" value="25.362-b08"/>
    <property name="java.specification.maintenance.version" value="4"/>
    <property name="java.ext.dirs" value="/Users/songang/Library/Java/Extensions:/Library/Java/JavaVirtualMachines/zulu-8.jdk/Contents/Home/jre/lib/ext:/Library/Java/Extensions:/Network/Library/Java/Extensions:/System/Library/Java/Extensions:/usr/lib/java"/>
    <property name="sun.io.unicode.encoding" value="UnicodeBig"/>
    <property name="maven.repo.local" value="/opt/homebrew/Cellar/maven/3.9.9/maven-repo"/>
    <property name="java.class.version" value="52.0"/>
    <property name="socksNonProxyHosts" value="192.168.0.0/16|*.192.168.0.0/16|10.0.0.0/8|*.10.0.0.0/8|172.16.0.0/12|*.172.16.0.0/12|127.0.0.1|localhost|*.localhost|local|*.local|timestamp.apple.com|*.timestamp.apple.com|sequoia.apple.com|*.sequoia.apple.com|seed-sequoia.siri.apple.com|*.seed-sequoia.siri.apple.com"/>
    <property name="http.proxyPort" value="7890"/>
  </properties>
  <testcase name="com.toolsetlink.upgradelink.api.ClientTest.testGetUrlUpgrade" classname="com.toolsetlink.upgradelink.api.ClientTest" time="0.187"/>
  <testcase name="com.toolsetlink.upgradelink.api.ClientTest.testGetFileUpgrade" classname="com.toolsetlink.upgradelink.api.ClientTest" time="0.037"/>
</testsuite>